2024-06-19T05:42:24+00:00 DEBUG POST: https://ads.tiktok.com/marketing_api/api/developer/app/create_auto_approve/

{"business_platform":"PROD","smb_id":"tt4b_woocommerce_66726fc00a830httplocalhostchuyendewp-admin","smb_name":"PROD","redirect_url":"http:\/\/localhost\/chuyende\/wp-admin\/"}
 ajax: no
2024-06-19T05:42:24+00:00 DEBUG Tt4b_Mapi_Class::create_open_source_app: Response: 

HTTP/1.1 200 OK
Content-Type: application/json
X-Tt-Logid: 20240619054223B35CFED4631DFA08CBD4,20240619054223B35CFED4631DFA08CBD4
Strict-Transport-Security: max-age=31536000; includeSubDomains
x-tt-trace-host: 01922cad4beb3e0ecd4d3292c9135115e3a1dbc0cd3011002ddaa8ea7d9efa3e68171bb57b64f0703933b61b383c007e9054f53d379b417e77dcc2bf1ca75f9c7578dc9475e905f498c8e76fef6ff6eba164b5abd43d2348318ccff469310926eea019be1d9b265df1c3d67af5d498f66f
x-tt-trace-id: 00-240619054223B35CFED4631DFA08CBD4-507A25D86938D050-00
Server: TLB
Content-Encoding: gzip
Content-Length: 208
X-Origin-Response-Time: 83,23.52.40.124
X-Akamai-Request-ID: 7c5debc6.9bac08b4
Date: Wed, 19 Jun 2024 05:42:24 GMT
X-Cache: TCP_MISS from a23-32-74-70.deploy.akamaitechnologies.com (AkamaiGHost/11.5.2-56372494) (-)
Connection: close
Vary: Accept-Encoding
X-Cache-Remote: TCP_MISS from a23-52-40-124.deploy.akamaitechnologies.com (AkamaiGHost/11.5.2-56372494) (-)
x-tt-trace-tag: id=16;cdn-cache=miss;type=dyn
Server-Timing: cdn-cache; desc=MISS, edge; dur=41, origin; dur=83
Server-Timing: inner; dur=79
X-Parent-Response-Time: 121,23.32.74.70

{"code":0,"msg":"ok","data":{"app_id":"7382085612569886737","redirect_uri":"http:\/\/localhost\/chuyende\/wp-admin\/","external_data_key":"930fac33-fc41-44a0-aa7f-100b15a13ffa","app_secret":"51551cf9e72e7cb885c511f2598560f7f5b84653"}}

